PS D:\coding\GIT_Work_Space\drug-analytics-api-python> pytest tests/ -v
========================================================== test session starts ===========================================================
platform win32 -- Python 3.12.7, pytest-8.4.2, pluggy-1.6.0 -- C:\Users\ktsun\AppData\Local\Programs\Python\Python312\python.exe
cachedir: .pytest_cache
rootdir: D:\coding\GIT_Work_Space\drug-analytics-api-python
plugins: anyio-4.11.0, asyncio-1.2.0, cov-7.0.0
asyncio: mode=Mode.STRICT, debug=False, asyncio_default_fixture_loop_scope=None, asyncio_default_test_loop_scope=function
collected 30 items                                                                                                                        

tests/test_drug_service.py::TestDrugService::test_upload_drug_data_success PASSED                                                   [  3%]
tests/test_drug_service.py::TestDrugService::test_get_drug_by_name_success PASSED                                                   [  6%]
tests/test_drug_service.py::TestDrugService::test_get_drug_by_name_multiple_versions PASSED                                         [ 10%]
tests/test_drug_service.py::TestDrugService::test_get_all_drugs_success PASSED                                                      [ 13%]
tests/test_drug_service.py::TestDrugService::test_get_all_drugs_empty PASSED                                                        [ 16%]
tests/test_drug_service.py::TestDrugService::test_process_csv_and_save_success PASSED                                               [ 20%]
tests/test_drug_service.py::TestDrugService::test_process_csv_and_save_multiple_records PASSED                                      [ 23%]
tests/test_dynamo_repository.py::TestDynamoRepository::test_save_drug_success PASSED                                                [ 26%]
tests/test_dynamo_repository.py::TestDynamoRepository::test_find_by_drug_name_not_found PASSED                                      [ 30%]
tests/test_dynamo_repository.py::TestDynamoRepository::test_find_all_success PASSED                                                 [ 33%]
tests/test_dynamo_repository.py::TestDynamoRepository::test_batch_save_success PASSED                                               [ 36%]
tests/test_file_service.py::TestFileService::test_validate_csv_structure_success PASSED                                             [ 40%] 
tests/test_file_service.py::TestFileService::test_validate_csv_missing_columns PASSED                                               [ 43%] 
tests/test_file_service.py::TestFileService::test_validate_csv_invalid_encoding PASSED                                              [ 46%] 
tests/test_file_service.py::TestFileService::test_validate_csv_generic_exception PASSED                                             [ 50%] 
tests/test_file_service.py::TestFileService::test_parse_csv_success PASSED                                                          [ 53%] 
tests/test_file_service.py::TestFileService::test_parse_csv_empty_file PASSED                                                       [ 56%] 
tests/test_file_service.py::TestFileService::test_parse_csv_empty_drug_name PASSED                                                  [ 60%] 
tests/test_file_service.py::TestFileService::test_parse_csv_empty_target PASSED                                                     [ 63%]
tests/test_file_service.py::TestFileService::test_parse_csv_invalid_efficacy_format PASSED                                          [ 66%] 
tests/test_file_service.py::TestFileService::test_parse_csv_efficacy_out_of_range_low PASSED                                        [ 70%] 
tests/test_file_service.py::TestFileService::test_parse_csv_efficacy_out_of_range_high PASSED                                       [ 73%] 
tests/test_file_service.py::TestFileService::test_parse_csv_boundary_values PASSED                                                  [ 76%] 
tests/test_file_service.py::TestFileService::test_parse_csv_strips_whitespace PASSED                                                [ 80%] 
tests/test_file_service.py::TestFileService::test_parse_csv_generic_exception PASSED                                                [ 83%] 
tests/test_file_service.py::TestFileService::test_row_to_drug_generic_exception PASSED                                              [ 86%] 
tests/test_s3_repository.py::TestS3Repository::test_upload_file_success ERROR                                                       [ 90%]
tests/test_s3_repository.py::TestS3Repository::test_upload_file_generates_unique_keys ERROR                                         [ 93%]
tests/test_s3_repository.py::TestS3Repository::test_get_file_success ERROR                                                          [ 96%]
tests/test_s3_repository.py::TestS3Repository::test_get_file_not_found ERROR                                                        [100%]

================================================================= ERRORS ================================================================= 
______________________________________ ERROR at setup of TestS3Repository.test_upload_file_success _______________________________________ 

self = <tests.test_s3_repository.TestS3Repository object at 0x00000196ED511820>

    @pytest.fixture(autouse=True)
    def setup_aws(self):
        """Setup mock AWS environment and create test bucket."""
        os.environ['AWS_ACCESS_KEY_ID'] = 'testing'
        os.environ['AWS_SECRET_ACCESS_KEY'] = 'testing'
        os.environ['AWS_SECURITY_TOKEN'] = 'testing'
        os.environ['AWS_SESSION_TOKEN'] = 'testing'
        os.environ['S3_BUCKET_NAME'] = 'test-bucket'

        # Reload settings to pick up test environment variables
        from src.core import config
        config.settings = config.Settings()

        # Create test bucket
        s3_client = boto3.client('s3', region_name='us-east-1')
>       s3_client.create_bucket(Bucket='test-bucket')

tests\test_s3_repository.py:33:
_ _ _ _ _ _ _ _ _ _ _ _ _ _ _ _ _ _ _ _ _ _ _ _ _ _ _ _ _ _ _ _ _ _ _ _ _ _ _ _ _ _ _ _ _ _ _ _ _ _ _ _ _ _ _ _ _ _ _ _ _ _ _ _ _ _ _ _ _  
C:\Users\ktsun\AppData\Local\Programs\Python\Python312\Lib\site-packages\botocore\client.py:602: in _api_call
    return self._make_api_call(operation_name, kwargs)
           ^^^^^^^^^^^^^^^^^^^^^^^^^^^^^^^^^^^^^^^^^^^
C:\Users\ktsun\AppData\Local\Programs\Python\Python312\Lib\site-packages\botocore\context.py:123: in wrapper
    return func(*args, **kwargs)
           ^^^^^^^^^^^^^^^^^^^^^
_ _ _ _ _ _ _ _ _ _ _ _ _ _ _ _ _ _ _ _ _ _ _ _ _ _ _ _ _ _ _ _ _ _ _ _ _ _ _ _ _ _ _ _ _ _ _ _ _ _ _ _ _ _ _ _ _ _ _ _ _ _ _ _ _ _ _ _ _  

self = <botocore.client.S3 object at 0x00000196F04AEF90>, operation_name = 'CreateBucket', api_params = {'Bucket': 'test-bucket'}

    @with_current_context()
    def _make_api_call(self, operation_name, api_params):
        operation_model = self._service_model.operation_model(operation_name)
        service_name = self._service_model.service_name
        history_recorder.record(
            'API_CALL',
            {
                'service': service_name,
                'operation': operation_name,
                'params': api_params,
            },
        )
        if operation_model.deprecated:
            logger.debug(
                'Warning: %s.%s() is deprecated', service_name, operation_name
            )
        request_context = {
            'client_region': self.meta.region_name,
            'client_config': self.meta.config,
            'has_streaming_input': operation_model.has_streaming_input,
            'auth_type': operation_model.resolved_auth_type,
            'unsigned_payload': operation_model.unsigned_payload,
            'auth_options': self._service_model.metadata.get('auth'),
        }

        api_params = self._emit_api_params(
            api_params=api_params,
            operation_model=operation_model,
            context=request_context,
        )
        (
            endpoint_url,
            additional_headers,
            properties,
        ) = self._resolve_endpoint_ruleset(
            operation_model, api_params, request_context
        )
        if properties:
            # Pass arbitrary endpoint info with the Request
            # for use during construction.
            request_context['endpoint_properties'] = properties
        request_dict = self._convert_to_request_dict(
            api_params=api_params,
            operation_model=operation_model,
            endpoint_url=endpoint_url,
            context=request_context,
            headers=additional_headers,
        )
        resolve_checksum_context(request_dict, operation_model, api_params)

        service_id = self._service_model.service_id.hyphenize()
        handler, event_response = self.meta.events.emit_until_response(
            f'before-call.{service_id}.{operation_name}',
            model=operation_model,
            params=request_dict,
            request_signer=self._request_signer,
            context=request_context,
        )

        if event_response is not None:
            http, parsed_response = event_response
        else:
            maybe_compress_request(
                self.meta.config, request_dict, operation_model
            )
            apply_request_checksum(request_dict)
            http, parsed_response = self._make_request(
                operation_model, request_dict, request_context
            )

        self.meta.events.emit(
            f'after-call.{service_id}.{operation_name}',
            http_response=http,
            parsed=parsed_response,
            model=operation_model,
            context=request_context,
        )

        if http.status_code >= 300:
            error_info = parsed_response.get("Error", {})
            error_code = request_context.get(
                'error_code_override'
            ) or error_info.get("Code")
            error_class = self.exceptions.from_code(error_code)
>           raise error_class(parsed_response, operation_name)
E           botocore.exceptions.ClientError: An error occurred (InvalidAccessKeyId) when calling the CreateBucket operation: The AWS Access Key Id you provided does not exist in our records.

C:\Users\ktsun\AppData\Local\Programs\Python\Python312\Lib\site-packages\botocore\client.py:1078: ClientError
_______________________________ ERROR at setup of TestS3Repository.test_upload_file_generates_unique_keys ________________________________ 

self = <tests.test_s3_repository.TestS3Repository object at 0x00000196ED5110D0>

    @pytest.fixture(autouse=True)
    def setup_aws(self):
        """Setup mock AWS environment and create test bucket."""
        os.environ['AWS_ACCESS_KEY_ID'] = 'testing'
        os.environ['AWS_SECRET_ACCESS_KEY'] = 'testing'
        os.environ['AWS_SECURITY_TOKEN'] = 'testing'
        os.environ['AWS_SESSION_TOKEN'] = 'testing'
        os.environ['S3_BUCKET_NAME'] = 'test-bucket'

        # Reload settings to pick up test environment variables
        from src.core import config
        config.settings = config.Settings()

        # Create test bucket
        s3_client = boto3.client('s3', region_name='us-east-1')
>       s3_client.create_bucket(Bucket='test-bucket')

tests\test_s3_repository.py:33:
_ _ _ _ _ _ _ _ _ _ _ _ _ _ _ _ _ _ _ _ _ _ _ _ _ _ _ _ _ _ _ _ _ _ _ _ _ _ _ _ _ _ _ _ _ _ _ _ _ _ _ _ _ _ _ _ _ _ _ _ _ _ _ _ _ _ _ _ _  
C:\Users\ktsun\AppData\Local\Programs\Python\Python312\Lib\site-packages\botocore\client.py:602: in _api_call
    return self._make_api_call(operation_name, kwargs)
           ^^^^^^^^^^^^^^^^^^^^^^^^^^^^^^^^^^^^^^^^^^^
C:\Users\ktsun\AppData\Local\Programs\Python\Python312\Lib\site-packages\botocore\context.py:123: in wrapper
    return func(*args, **kwargs)
           ^^^^^^^^^^^^^^^^^^^^^
_ _ _ _ _ _ _ _ _ _ _ _ _ _ _ _ _ _ _ _ _ _ _ _ _ _ _ _ _ _ _ _ _ _ _ _ _ _ _ _ _ _ _ _ _ _ _ _ _ _ _ _ _ _ _ _ _ _ _ _ _ _ _ _ _ _ _ _ _  

self = <botocore.client.S3 object at 0x00000196EFADFFB0>, operation_name = 'CreateBucket', api_params = {'Bucket': 'test-bucket'}

    @with_current_context()
    def _make_api_call(self, operation_name, api_params):
        operation_model = self._service_model.operation_model(operation_name)
        service_name = self._service_model.service_name
        history_recorder.record(
            'API_CALL',
            {
                'service': service_name,
                'operation': operation_name,
                'params': api_params,
            },
        )
        if operation_model.deprecated:
            logger.debug(
                'Warning: %s.%s() is deprecated', service_name, operation_name
            )
        request_context = {
            'client_region': self.meta.region_name,
            'client_config': self.meta.config,
            'has_streaming_input': operation_model.has_streaming_input,
            'auth_type': operation_model.resolved_auth_type,
            'unsigned_payload': operation_model.unsigned_payload,
            'auth_options': self._service_model.metadata.get('auth'),
        }

        api_params = self._emit_api_params(
            api_params=api_params,
            operation_model=operation_model,
            context=request_context,
        )
        (
            endpoint_url,
            additional_headers,
            properties,
        ) = self._resolve_endpoint_ruleset(
            operation_model, api_params, request_context
        )
        if properties:
            # Pass arbitrary endpoint info with the Request
            # for use during construction.
            request_context['endpoint_properties'] = properties
        request_dict = self._convert_to_request_dict(
            api_params=api_params,
            operation_model=operation_model,
            endpoint_url=endpoint_url,
            context=request_context,
            headers=additional_headers,
        )
        resolve_checksum_context(request_dict, operation_model, api_params)

        service_id = self._service_model.service_id.hyphenize()
        handler, event_response = self.meta.events.emit_until_response(
            f'before-call.{service_id}.{operation_name}',
            model=operation_model,
            params=request_dict,
            request_signer=self._request_signer,
            context=request_context,
        )

        if event_response is not None:
            http, parsed_response = event_response
        else:
            maybe_compress_request(
                self.meta.config, request_dict, operation_model
            )
            apply_request_checksum(request_dict)
            http, parsed_response = self._make_request(
                operation_model, request_dict, request_context
            )

        self.meta.events.emit(
            f'after-call.{service_id}.{operation_name}',
            http_response=http,
            parsed=parsed_response,
            model=operation_model,
            context=request_context,
        )

        if http.status_code >= 300:
            error_info = parsed_response.get("Error", {})
            error_code = request_context.get(
                'error_code_override'
            ) or error_info.get("Code")
            error_class = self.exceptions.from_code(error_code)
>           raise error_class(parsed_response, operation_name)
E           botocore.exceptions.ClientError: An error occurred (InvalidAccessKeyId) when calling the CreateBucket operation: The AWS Access Key Id you provided does not exist in our records.

C:\Users\ktsun\AppData\Local\Programs\Python\Python312\Lib\site-packages\botocore\client.py:1078: ClientError
________________________________________ ERROR at setup of TestS3Repository.test_get_file_success ________________________________________ 

self = <tests.test_s3_repository.TestS3Repository object at 0x00000196ED510B30>

    @pytest.fixture(autouse=True)
    def setup_aws(self):
        """Setup mock AWS environment and create test bucket."""
        os.environ['AWS_ACCESS_KEY_ID'] = 'testing'
        os.environ['AWS_SECRET_ACCESS_KEY'] = 'testing'
        os.environ['AWS_SECURITY_TOKEN'] = 'testing'
        os.environ['AWS_SESSION_TOKEN'] = 'testing'
        os.environ['S3_BUCKET_NAME'] = 'test-bucket'

        # Reload settings to pick up test environment variables
        from src.core import config
        config.settings = config.Settings()

        # Create test bucket
        s3_client = boto3.client('s3', region_name='us-east-1')
>       s3_client.create_bucket(Bucket='test-bucket')

tests\test_s3_repository.py:33:
_ _ _ _ _ _ _ _ _ _ _ _ _ _ _ _ _ _ _ _ _ _ _ _ _ _ _ _ _ _ _ _ _ _ _ _ _ _ _ _ _ _ _ _ _ _ _ _ _ _ _ _ _ _ _ _ _ _ _ _ _ _ _ _ _ _ _ _ _  
C:\Users\ktsun\AppData\Local\Programs\Python\Python312\Lib\site-packages\botocore\client.py:602: in _api_call
    return self._make_api_call(operation_name, kwargs)
           ^^^^^^^^^^^^^^^^^^^^^^^^^^^^^^^^^^^^^^^^^^^
C:\Users\ktsun\AppData\Local\Programs\Python\Python312\Lib\site-packages\botocore\context.py:123: in wrapper
    return func(*args, **kwargs)
           ^^^^^^^^^^^^^^^^^^^^^
_ _ _ _ _ _ _ _ _ _ _ _ _ _ _ _ _ _ _ _ _ _ _ _ _ _ _ _ _ _ _ _ _ _ _ _ _ _ _ _ _ _ _ _ _ _ _ _ _ _ _ _ _ _ _ _ _ _ _ _ _ _ _ _ _ _ _ _ _  

self = <botocore.client.S3 object at 0x00000196F0AB22D0>, operation_name = 'CreateBucket', api_params = {'Bucket': 'test-bucket'}

    @with_current_context()
    def _make_api_call(self, operation_name, api_params):
        operation_model = self._service_model.operation_model(operation_name)
        service_name = self._service_model.service_name
        history_recorder.record(
            'API_CALL',
            {
                'service': service_name,
                'operation': operation_name,
                'params': api_params,
            },
        )
        if operation_model.deprecated:
            logger.debug(
                'Warning: %s.%s() is deprecated', service_name, operation_name
            )
        request_context = {
            'client_region': self.meta.region_name,
            'client_config': self.meta.config,
            'has_streaming_input': operation_model.has_streaming_input,
            'auth_type': operation_model.resolved_auth_type,
            'unsigned_payload': operation_model.unsigned_payload,
            'auth_options': self._service_model.metadata.get('auth'),
        }

        api_params = self._emit_api_params(
            api_params=api_params,
            operation_model=operation_model,
            context=request_context,
        )
        (
            endpoint_url,
            additional_headers,
            properties,
        ) = self._resolve_endpoint_ruleset(
            operation_model, api_params, request_context
        )
        if properties:
            # Pass arbitrary endpoint info with the Request
            # for use during construction.
            request_context['endpoint_properties'] = properties
        request_dict = self._convert_to_request_dict(
            api_params=api_params,
            operation_model=operation_model,
            endpoint_url=endpoint_url,
            context=request_context,
            headers=additional_headers,
        )
        resolve_checksum_context(request_dict, operation_model, api_params)

        service_id = self._service_model.service_id.hyphenize()
        handler, event_response = self.meta.events.emit_until_response(
            f'before-call.{service_id}.{operation_name}',
            model=operation_model,
            params=request_dict,
            request_signer=self._request_signer,
            context=request_context,
        )

        if event_response is not None:
            http, parsed_response = event_response
        else:
            maybe_compress_request(
                self.meta.config, request_dict, operation_model
            )
            apply_request_checksum(request_dict)
            http, parsed_response = self._make_request(
                operation_model, request_dict, request_context
            )

        self.meta.events.emit(
            f'after-call.{service_id}.{operation_name}',
            http_response=http,
            parsed=parsed_response,
            model=operation_model,
            context=request_context,
        )

        if http.status_code >= 300:
            error_info = parsed_response.get("Error", {})
            error_code = request_context.get(
                'error_code_override'
            ) or error_info.get("Code")
            error_class = self.exceptions.from_code(error_code)
>           raise error_class(parsed_response, operation_name)
E           botocore.exceptions.ClientError: An error occurred (InvalidAccessKeyId) when calling the CreateBucket operation: The AWS Access Key Id you provided does not exist in our records.

C:\Users\ktsun\AppData\Local\Programs\Python\Python312\Lib\site-packages\botocore\client.py:1078: ClientError
_______________________________________ ERROR at setup of TestS3Repository.test_get_file_not_found _______________________________________ 

self = <tests.test_s3_repository.TestS3Repository object at 0x00000196ED510470>

    @pytest.fixture(autouse=True)
    def setup_aws(self):
        """Setup mock AWS environment and create test bucket."""
        os.environ['AWS_ACCESS_KEY_ID'] = 'testing'
        os.environ['AWS_SECRET_ACCESS_KEY'] = 'testing'
        os.environ['AWS_SECURITY_TOKEN'] = 'testing'
        os.environ['AWS_SESSION_TOKEN'] = 'testing'
        os.environ['S3_BUCKET_NAME'] = 'test-bucket'

        # Reload settings to pick up test environment variables
        from src.core import config
        config.settings = config.Settings()

        # Create test bucket
        s3_client = boto3.client('s3', region_name='us-east-1')
>       s3_client.create_bucket(Bucket='test-bucket')

tests\test_s3_repository.py:33:
_ _ _ _ _ _ _ _ _ _ _ _ _ _ _ _ _ _ _ _ _ _ _ _ _ _ _ _ _ _ _ _ _ _ _ _ _ _ _ _ _ _ _ _ _ _ _ _ _ _ _ _ _ _ _ _ _ _ _ _ _ _ _ _ _ _ _ _ _  
C:\Users\ktsun\AppData\Local\Programs\Python\Python312\Lib\site-packages\botocore\client.py:602: in _api_call
    return self._make_api_call(operation_name, kwargs)
           ^^^^^^^^^^^^^^^^^^^^^^^^^^^^^^^^^^^^^^^^^^^
C:\Users\ktsun\AppData\Local\Programs\Python\Python312\Lib\site-packages\botocore\context.py:123: in wrapper
    return func(*args, **kwargs)
           ^^^^^^^^^^^^^^^^^^^^^
_ _ _ _ _ _ _ _ _ _ _ _ _ _ _ _ _ _ _ _ _ _ _ _ _ _ _ _ _ _ _ _ _ _ _ _ _ _ _ _ _ _ _ _ _ _ _ _ _ _ _ _ _ _ _ _ _ _ _ _ _ _ _ _ _ _ _ _ _  

self = <botocore.client.S3 object at 0x00000196F0C659D0>, operation_name = 'CreateBucket', api_params = {'Bucket': 'test-bucket'}

    @with_current_context()
    def _make_api_call(self, operation_name, api_params):
        operation_model = self._service_model.operation_model(operation_name)
        service_name = self._service_model.service_name
        history_recorder.record(
            'API_CALL',
            {
                'service': service_name,
                'operation': operation_name,
                'params': api_params,
            },
        )
        if operation_model.deprecated:
            logger.debug(
                'Warning: %s.%s() is deprecated', service_name, operation_name
            )
        request_context = {
            'client_region': self.meta.region_name,
            'client_config': self.meta.config,
            'has_streaming_input': operation_model.has_streaming_input,
            'auth_type': operation_model.resolved_auth_type,
            'unsigned_payload': operation_model.unsigned_payload,
            'auth_options': self._service_model.metadata.get('auth'),
        }

        api_params = self._emit_api_params(
            api_params=api_params,
            operation_model=operation_model,
            context=request_context,
        )
        (
            endpoint_url,
            additional_headers,
            properties,
        ) = self._resolve_endpoint_ruleset(
            operation_model, api_params, request_context
        )
        if properties:
            # Pass arbitrary endpoint info with the Request
            # for use during construction.
            request_context['endpoint_properties'] = properties
        request_dict = self._convert_to_request_dict(
            api_params=api_params,
            operation_model=operation_model,
            endpoint_url=endpoint_url,
            context=request_context,
            headers=additional_headers,
        )
        resolve_checksum_context(request_dict, operation_model, api_params)

        service_id = self._service_model.service_id.hyphenize()
        handler, event_response = self.meta.events.emit_until_response(
            f'before-call.{service_id}.{operation_name}',
            model=operation_model,
            params=request_dict,
            request_signer=self._request_signer,
            context=request_context,
        )

        if event_response is not None:
            http, parsed_response = event_response
        else:
            maybe_compress_request(
                self.meta.config, request_dict, operation_model
            )
            apply_request_checksum(request_dict)
            http, parsed_response = self._make_request(
                operation_model, request_dict, request_context
            )

        self.meta.events.emit(
            f'after-call.{service_id}.{operation_name}',
            http_response=http,
            parsed=parsed_response,
            model=operation_model,
            context=request_context,
        )

        if http.status_code >= 300:
            error_info = parsed_response.get("Error", {})
            error_code = request_context.get(
                'error_code_override'
            ) or error_info.get("Code")
            error_class = self.exceptions.from_code(error_code)
>           raise error_class(parsed_response, operation_name)
E           botocore.exceptions.ClientError: An error occurred (InvalidAccessKeyId) when calling the CreateBucket operation: The AWS Access Key Id you provided does not exist in our records.

C:\Users\ktsun\AppData\Local\Programs\Python\Python312\Lib\site-packages\botocore\client.py:1078: ClientError
============================================================ warnings summary ============================================================ 
src\models\dto\drug_dto.py:31
  D:\coding\GIT_Work_Space\drug-analytics-api-python\src\models\dto\drug_dto.py:31: PydanticDeprecatedSince20: Support for class-based `config` is deprecated, use ConfigDict instead. Deprecated in Pydantic V2.0 to be removed in V3.0. See Pydantic V2 Migration Guide at https://errors.pydantic.dev/2.12/migration/
    class DrugResponse(BaseModel):

src\core\config.py:9
  D:\coding\GIT_Work_Space\drug-analytics-api-python\src\core\config.py:9: PydanticDeprecatedSince20: Support for class-based `config` is deprecated, use ConfigDict instead. Deprecated in Pydantic V2.0 to be removed in V3.0. See Pydantic V2 Migration Guide at https://errors.pydantic.dev/2.12/migration/
    class Settings(BaseSettings):

tests/test_drug_service.py::TestDrugService::test_process_csv_and_save_success
tests/test_drug_service.py::TestDrugService::test_process_csv_and_save_multiple_records
tests/test_drug_service.py::TestDrugService::test_process_csv_and_save_multiple_records
tests/test_drug_service.py::TestDrugService::test_process_csv_and_save_multiple_records
tests/test_file_service.py::TestFileService::test_parse_csv_success
tests/test_file_service.py::TestFileService::test_parse_csv_success
tests/test_file_service.py::TestFileService::test_parse_csv_boundary_values
tests/test_file_service.py::TestFileService::test_parse_csv_boundary_values
tests/test_file_service.py::TestFileService::test_parse_csv_strips_whitespace
  D:\coding\GIT_Work_Space\drug-analytics-api-python\src\models\drug_model.py:23: DeprecationWarning: datetime.datetime.utcnow() is deprecated and scheduled for removal in a future version. Use timezone-aware objects to represent datetimes in UTC: datetime.datetime.now(datetime.UTC).
    self.upload_timestamp = upload_timestamp or datetime.utcnow()

-- Docs: https://docs.pytest.org/en/stable/how-to/capture-warnings.html
======================================================== short test summary info ========================================================= 
ERROR tests/test_s3_repository.py::TestS3Repository::test_upload_file_success - botocore.exceptions.ClientError: An error occurred (InvalidAccessKeyId) when calling the CreateBucket operation: The AWS Access Key Id...
ERROR tests/test_s3_repository.py::TestS3Repository::test_upload_file_generates_unique_keys - botocore.exceptions.ClientError: An error occurred (InvalidAccessKeyId) when calling the CreateBucket operation: The AWS Access Key Id...
ERROR tests/test_s3_repository.py::TestS3Repository::test_get_file_success - botocore.exceptions.ClientError: An error occurred (InvalidAccessKeyId) when calling the CreateBucket operation: The AWS Access Key Id...
ERROR tests/test_s3_repository.py::TestS3Repository::test_get_file_not_found - botocore.exceptions.ClientError: An error occurred (InvalidAccessKeyId) when calling the CreateBucket operation: The AWS Access Key Id...
=============================================== 26 passed, 11 warnings, 4 errors in 5.93s ================================================ 
PS D:\coding\GIT_Work_Space\drug-analytics-api-python> 